<?xml version="1.0" encoding="UTF-8"?>
<!-- Generated by org.testng.reporters.JUnitReportReporter -->
<testsuite hostname="TN-hp-d50000505" name="com.appium.tuniulvyou.LogIn" tests="7" failures="0" timestamp="27 Nov 2017 03:26:39 GMT" time="217.616" errors="0">
  <testcase name="niubianxian_order" time="14.523" classname="com.appium.tuniulvyou.LogIn"/>
  <testcase name="tuniubao_order" time="15.584" classname="com.appium.tuniulvyou.LogIn"/>
  <testcase name="jijinlicai_order" time="12.705" classname="com.appium.tuniulvyou.LogIn"/>
  <testcase name="LogIn" time="10.749" classname="com.appium.tuniulvyou.LogIn"/>
  <testcase name="ZhangHu_Page_Number" time="18.794" classname="com.appium.tuniulvyou.LogIn"/>
  <testcase name="Zhanghu_Page_Link_Switch" time="89.828" classname="com.appium.tuniulvyou.LogIn"/>
  <testcase name="ShouYe_Link_Switch" time="55.433" classname="com.appium.tuniulvyou.LogIn"/>
</testsuite> <!-- com.appium.tuniulvyou.LogIn -->
